(0.000) 
            SELECT name, type FROM sqlite_master
            WHERE type in ('table', 'view') AND NOT name='sqlite_sequence'
            ORDER BY name; args=None
(0.001) SELECT "django_migrations"."id", "django_migrations"."app", "django_migrations"."name", "django_migrations"."applied" FROM "django_migrations"; args=()
(0.000) 
            SELECT name, type FROM sqlite_master
            WHERE type in ('table', 'view') AND NOT name='sqlite_sequence'
            ORDER BY name; args=None
(0.001) SELECT "django_migrations"."id", "django_migrations"."app", "django_migrations"."name", "django_migrations"."applied" FROM "django_migrations"; args=()
(0.001) SELECT "django_session"."session_key", "django_session"."session_data", "django_session"."expire_date" FROM "django_session" WHERE ("django_session"."expire_date" > '2021-01-18 12:53:10.165529' AND "django_session"."session_key" = 'gtdgd52ou677nftrqks5c7up5rnjo7z9') LIMIT 21; args=('2021-01-18 12:53:10.165529', 'gtdgd52ou677nftrqks5c7up5rnjo7z9')
(0.000) SELECT "django_session"."session_key", "django_session"."session_data", "django_session"."expire_date" FROM "django_session" WHERE ("django_session"."expire_date" > '2021-01-18 12:53:23.358565' AND "django_session"."session_key" = 'gtdgd52ou677nftrqks5c7up5rnjo7z9') LIMIT 21; args=('2021-01-18 12:53:23.358565', 'gtdgd52ou677nftrqks5c7up5rnjo7z9')
(0.000) SELECT "auth_user"."id", "auth_user"."password", "auth_user"."last_login", "auth_user"."is_superuser", "auth_user"."username", "auth_user"."first_name", "auth_user"."last_name", "auth_user"."email", "auth_user"."is_staff", "auth_user"."is_active", "auth_user"."date_joined" FROM "auth_user" WHERE "auth_user"."id" = 1 LIMIT 21; args=(1,)
(0.000) SELECT "shop_item"."id", "shop_item"."name", "shop_item"."desc", "shop_item"."price", "shop_item"."is_published", "shop_item"."created_at", "shop_item"."updated_at" FROM "shop_item"; args=()
(0.000) 
            SELECT name, type FROM sqlite_master
            WHERE type in ('table', 'view') AND NOT name='sqlite_sequence'
            ORDER BY name; args=None
(0.001) SELECT "django_migrations"."id", "django_migrations"."app", "django_migrations"."name", "django_migrations"."applied" FROM "django_migrations"; args=()
(0.000) SELECT "django_session"."session_key", "django_session"."session_data", "django_session"."expire_date" FROM "django_session" WHERE ("django_session"."expire_date" > '2021-01-18 12:58:15.730128' AND "django_session"."session_key" = 'gtdgd52ou677nftrqks5c7up5rnjo7z9') LIMIT 21; args=('2021-01-18 12:58:15.730128', 'gtdgd52ou677nftrqks5c7up5rnjo7z9')
(0.000) SELECT "shop_item"."id", "shop_item"."name", "shop_item"."desc", "shop_item"."price", "shop_item"."is_published", "shop_item"."created_at", "shop_item"."updated_at" FROM "shop_item" LIMIT 21; args=()
(0.000) SELECT "django_session"."session_key", "django_session"."session_data", "django_session"."expire_date" FROM "django_session" WHERE ("django_session"."expire_date" > '2021-01-18 12:58:19.703440' AND "django_session"."session_key" = 'gtdgd52ou677nftrqks5c7up5rnjo7z9') LIMIT 21; args=('2021-01-18 12:58:19.703440', 'gtdgd52ou677nftrqks5c7up5rnjo7z9')
(0.000) SELECT "auth_user"."id", "auth_user"."password", "auth_user"."last_login", "auth_user"."is_superuser", "auth_user"."username", "auth_user"."first_name", "auth_user"."last_name", "auth_user"."email", "auth_user"."is_staff", "auth_user"."is_active", "auth_user"."date_joined" FROM "auth_user" WHERE "auth_user"."id" = 1 LIMIT 21; args=(1,)
(0.000) 
            SELECT name, type FROM sqlite_master
            WHERE type in ('table', 'view') AND NOT name='sqlite_sequence'
            ORDER BY name; args=None
(0.001) SELECT "django_migrations"."id", "django_migrations"."app", "django_migrations"."name", "django_migrations"."applied" FROM "django_migrations"; args=()
(0.000) SELECT "django_session"."session_key", "django_session"."session_data", "django_session"."expire_date" FROM "django_session" WHERE ("django_session"."expire_date" > '2021-01-18 12:58:50.398591' AND "django_session"."session_key" = 'gtdgd52ou677nftrqks5c7up5rnjo7z9') LIMIT 21; args=('2021-01-18 12:58:50.398591', 'gtdgd52ou677nftrqks5c7up5rnjo7z9')
(0.000) SELECT "auth_user"."id", "auth_user"."password", "auth_user"."last_login", "auth_user"."is_superuser", "auth_user"."username", "auth_user"."first_name", "auth_user"."last_name", "auth_user"."email", "auth_user"."is_staff", "auth_user"."is_active", "auth_user"."date_joined" FROM "auth_user" WHERE "auth_user"."id" = 1 LIMIT 21; args=(1,)
(0.000) SELECT "shop_item"."id", "shop_item"."name", "shop_item"."desc", "shop_item"."price", "shop_item"."is_published", "shop_item"."created_at", "shop_item"."updated_at" FROM "shop_item"; args=()
(0.000) SELECT "django_session"."session_key", "django_session"."session_data", "django_session"."expire_date" FROM "django_session" WHERE ("django_session"."expire_date" > '2021-01-18 12:58:54.581652' AND "django_session"."session_key" = 'gtdgd52ou677nftrqks5c7up5rnjo7z9') LIMIT 21; args=('2021-01-18 12:58:54.581652', 'gtdgd52ou677nftrqks5c7up5rnjo7z9')
(0.000) SELECT "auth_user"."id", "auth_user"."password", "auth_user"."last_login", "auth_user"."is_superuser", "auth_user"."username", "auth_user"."first_name", "auth_user"."last_name", "auth_user"."email", "auth_user"."is_staff", "auth_user"."is_active", "auth_user"."date_joined" FROM "auth_user" WHERE "auth_user"."id" = 1 LIMIT 21; args=(1,)
(0.000) SELECT "shop_item"."id", "shop_item"."name", "shop_item"."desc", "shop_item"."price", "shop_item"."is_published", "shop_item"."created_at", "shop_item"."updated_at" FROM "shop_item" WHERE "shop_item"."name" LIKE '%맥북%' ESCAPE '\'; args=('%맥북%',)
(0.000) SELECT "django_session"."session_key", "django_session"."session_data", "django_session"."expire_date" FROM "django_session" WHERE ("django_session"."expire_date" > '2021-01-18 12:59:09.369723' AND "django_session"."session_key" = 'gtdgd52ou677nftrqks5c7up5rnjo7z9') LIMIT 21; args=('2021-01-18 12:59:09.369723', 'gtdgd52ou677nftrqks5c7up5rnjo7z9')
(0.000) SELECT "auth_user"."id", "auth_user"."password", "auth_user"."last_login", "auth_user"."is_superuser", "auth_user"."username", "auth_user"."first_name", "auth_user"."last_name", "auth_user"."email", "auth_user"."is_staff", "auth_user"."is_active", "auth_user"."date_joined" FROM "auth_user" WHERE "auth_user"."id" = 1 LIMIT 21; args=(1,)
(0.000) SELECT "shop_item"."id", "shop_item"."name", "shop_item"."desc", "shop_item"."price", "shop_item"."is_published", "shop_item"."created_at", "shop_item"."updated_at" FROM "shop_item"; args=()
(0.001) 
            SELECT name, type FROM sqlite_master
            WHERE type in ('table', 'view') AND NOT name='sqlite_sequence'
            ORDER BY name; args=None
(0.001) SELECT "django_migrations"."id", "django_migrations"."app", "django_migrations"."name", "django_migrations"."applied" FROM "django_migrations"; args=()
(0.000) 
            SELECT name, type FROM sqlite_master
            WHERE type in ('table', 'view') AND NOT name='sqlite_sequence'
            ORDER BY name; args=None
(0.001) SELECT "django_migrations"."id", "django_migrations"."app", "django_migrations"."name", "django_migrations"."applied" FROM "django_migrations"; args=()
(0.000) 
            SELECT name, type FROM sqlite_master
            WHERE type in ('table', 'view') AND NOT name='sqlite_sequence'
            ORDER BY name; args=None
(0.001) SELECT "django_migrations"."id", "django_migrations"."app", "django_migrations"."name", "django_migrations"."applied" FROM "django_migrations"; args=()
(0.001) SELECT "django_session"."session_key", "django_session"."session_data", "django_session"."expire_date" FROM "django_session" WHERE ("django_session"."expire_date" > '2021-01-18 13:30:24.165278' AND "django_session"."session_key" = 'gtdgd52ou677nftrqks5c7up5rnjo7z9') LIMIT 21; args=('2021-01-18 13:30:24.165278', 'gtdgd52ou677nftrqks5c7up5rnjo7z9')
(0.001) SELECT "django_session"."session_key", "django_session"."session_data", "django_session"."expire_date" FROM "django_session" WHERE ("django_session"."expire_date" > '2021-01-18 13:30:24.538914' AND "django_session"."session_key" = 'gtdgd52ou677nftrqks5c7up5rnjo7z9') LIMIT 21; args=('2021-01-18 13:30:24.538914', 'gtdgd52ou677nftrqks5c7up5rnjo7z9')
(0.000) 
            SELECT name, type FROM sqlite_master
            WHERE type in ('table', 'view') AND NOT name='sqlite_sequence'
            ORDER BY name; args=None
(0.001) SELECT "django_migrations"."id", "django_migrations"."app", "django_migrations"."name", "django_migrations"."applied" FROM "django_migrations"; args=()
(0.001) SELECT "django_session"."session_key", "django_session"."session_data", "django_session"."expire_date" FROM "django_session" WHERE ("django_session"."expire_date" > '2021-01-18 13:32:09.646336' AND "django_session"."session_key" = 'gtdgd52ou677nftrqks5c7up5rnjo7z9') LIMIT 21; args=('2021-01-18 13:32:09.646336', 'gtdgd52ou677nftrqks5c7up5rnjo7z9')
(0.000) 
            SELECT name, type FROM sqlite_master
            WHERE type in ('table', 'view') AND NOT name='sqlite_sequence'
            ORDER BY name; args=None
(0.001) SELECT "django_migrations"."id", "django_migrations"."app", "django_migrations"."name", "django_migrations"."applied" FROM "django_migrations"; args=()
(0.000) 
            SELECT name, type FROM sqlite_master
            WHERE type in ('table', 'view') AND NOT name='sqlite_sequence'
            ORDER BY name; args=None
(0.001) SELECT "django_migrations"."id", "django_migrations"."app", "django_migrations"."name", "django_migrations"."applied" FROM "django_migrations"; args=()
(0.000) SELECT "django_session"."session_key", "django_session"."session_data", "django_session"."expire_date" FROM "django_session" WHERE ("django_session"."expire_date" > '2021-01-18 13:53:49.215962' AND "django_session"."session_key" = 'gtdgd52ou677nftrqks5c7up5rnjo7z9') LIMIT 21; args=('2021-01-18 13:53:49.215962', 'gtdgd52ou677nftrqks5c7up5rnjo7z9')
(0.001) SELECT "django_session"."session_key", "django_session"."session_data", "django_session"."expire_date" FROM "django_session" WHERE ("django_session"."expire_date" > '2021-01-18 13:53:52.467591' AND "django_session"."session_key" = 'gtdgd52ou677nftrqks5c7up5rnjo7z9') LIMIT 21; args=('2021-01-18 13:53:52.467591', 'gtdgd52ou677nftrqks5c7up5rnjo7z9')
(0.000) SELECT "auth_user"."id", "auth_user"."password", "auth_user"."last_login", "auth_user"."is_superuser", "auth_user"."username", "auth_user"."first_name", "auth_user"."last_name", "auth_user"."email", "auth_user"."is_staff", "auth_user"."is_active", "auth_user"."date_joined" FROM "auth_user" WHERE "auth_user"."id" = 1 LIMIT 21; args=(1,)
(0.000) SELECT "shop_item"."id", "shop_item"."name", "shop_item"."desc", "shop_item"."price", "shop_item"."is_published", "shop_item"."created_at", "shop_item"."updated_at" FROM "shop_item"; args=()
(0.000) SELECT "shop_item"."id", "shop_item"."name", "shop_item"."desc", "shop_item"."price", "shop_item"."is_published", "shop_item"."created_at", "shop_item"."updated_at" FROM "shop_item" WHERE "shop_item"."id" = 1 LIMIT 21; args=(1,)
(0.000) SELECT "django_session"."session_key", "django_session"."session_data", "django_session"."expire_date" FROM "django_session" WHERE ("django_session"."expire_date" > '2021-01-18 13:53:53.778568' AND "django_session"."session_key" = 'gtdgd52ou677nftrqks5c7up5rnjo7z9') LIMIT 21; args=('2021-01-18 13:53:53.778568', 'gtdgd52ou677nftrqks5c7up5rnjo7z9')
(0.000) SELECT "auth_user"."id", "auth_user"."password", "auth_user"."last_login", "auth_user"."is_superuser", "auth_user"."username", "auth_user"."first_name", "auth_user"."last_name", "auth_user"."email", "auth_user"."is_staff", "auth_user"."is_active", "auth_user"."date_joined" FROM "auth_user" WHERE "auth_user"."id" = 1 LIMIT 21; args=(1,)
(0.001) 
            SELECT name, type FROM sqlite_master
            WHERE type in ('table', 'view') AND NOT name='sqlite_sequence'
            ORDER BY name; args=None
(0.001) SELECT "django_migrations"."id", "django_migrations"."app", "django_migrations"."name", "django_migrations"."applied" FROM "django_migrations"; args=()
(0.001) SELECT "shop_item"."id", "shop_item"."name", "shop_item"."desc", "shop_item"."price", "shop_item"."is_published", "shop_item"."created_at", "shop_item"."updated_at" FROM "shop_item" WHERE "shop_item"."id" = 1 LIMIT 21; args=(1,)
(0.000) SELECT "django_session"."session_key", "django_session"."session_data", "django_session"."expire_date" FROM "django_session" WHERE ("django_session"."expire_date" > '2021-01-18 13:57:10.950093' AND "django_session"."session_key" = 'gtdgd52ou677nftrqks5c7up5rnjo7z9') LIMIT 21; args=('2021-01-18 13:57:10.950093', 'gtdgd52ou677nftrqks5c7up5rnjo7z9')
(0.000) SELECT "auth_user"."id", "auth_user"."password", "auth_user"."last_login", "auth_user"."is_superuser", "auth_user"."username", "auth_user"."first_name", "auth_user"."last_name", "auth_user"."email", "auth_user"."is_staff", "auth_user"."is_active", "auth_user"."date_joined" FROM "auth_user" WHERE "auth_user"."id" = 1 LIMIT 21; args=(1,)
(0.001) 
            SELECT name, type FROM sqlite_master
            WHERE type in ('table', 'view') AND NOT name='sqlite_sequence'
            ORDER BY name; args=None
(0.002) SELECT "django_migrations"."id", "django_migrations"."app", "django_migrations"."name", "django_migrations"."applied" FROM "django_migrations"; args=()
(0.000) SELECT "shop_item"."id", "shop_item"."name", "shop_item"."desc", "shop_item"."price", "shop_item"."is_published", "shop_item"."created_at", "shop_item"."updated_at" FROM "shop_item" WHERE "shop_item"."id" = 1 LIMIT 21; args=(1,)
(0.000) SELECT "django_session"."session_key", "django_session"."session_data", "django_session"."expire_date" FROM "django_session" WHERE ("django_session"."expire_date" > '2021-01-18 13:58:25.858672' AND "django_session"."session_key" = 'gtdgd52ou677nftrqks5c7up5rnjo7z9') LIMIT 21; args=('2021-01-18 13:58:25.858672', 'gtdgd52ou677nftrqks5c7up5rnjo7z9')
(0.000) SELECT "auth_user"."id", "auth_user"."password", "auth_user"."last_login", "auth_user"."is_superuser", "auth_user"."username", "auth_user"."first_name", "auth_user"."last_name", "auth_user"."email", "auth_user"."is_staff", "auth_user"."is_active", "auth_user"."date_joined" FROM "auth_user" WHERE "auth_user"."id" = 1 LIMIT 21; args=(1,)
(0.000) SELECT "shop_item"."id", "shop_item"."name", "shop_item"."desc", "shop_item"."price", "shop_item"."is_published", "shop_item"."created_at", "shop_item"."updated_at" FROM "shop_item" WHERE "shop_item"."id" = 1 LIMIT 21; args=(1,)
(0.000) SELECT "django_session"."session_key", "django_session"."session_data", "django_session"."expire_date" FROM "django_session" WHERE ("django_session"."expire_date" > '2021-01-18 13:59:11.207140' AND "django_session"."session_key" = 'gtdgd52ou677nftrqks5c7up5rnjo7z9') LIMIT 21; args=('2021-01-18 13:59:11.207140', 'gtdgd52ou677nftrqks5c7up5rnjo7z9')
(0.000) SELECT "auth_user"."id", "auth_user"."password", "auth_user"."last_login", "auth_user"."is_superuser", "auth_user"."username", "auth_user"."first_name", "auth_user"."last_name", "auth_user"."email", "auth_user"."is_staff", "auth_user"."is_active", "auth_user"."date_joined" FROM "auth_user" WHERE "auth_user"."id" = 1 LIMIT 21; args=(1,)
(0.000) SELECT "django_session"."session_key", "django_session"."session_data", "django_session"."expire_date" FROM "django_session" WHERE ("django_session"."expire_date" > '2021-01-18 13:59:12.283764' AND "django_session"."session_key" = 'gtdgd52ou677nftrqks5c7up5rnjo7z9') LIMIT 21; args=('2021-01-18 13:59:12.283764', 'gtdgd52ou677nftrqks5c7up5rnjo7z9')
(0.000) SELECT "auth_user"."id", "auth_user"."password", "auth_user"."last_login", "auth_user"."is_superuser", "auth_user"."username", "auth_user"."first_name", "auth_user"."last_name", "auth_user"."email", "auth_user"."is_staff", "auth_user"."is_active", "auth_user"."date_joined" FROM "auth_user" WHERE "auth_user"."id" = 1 LIMIT 21; args=(1,)
(0.000) SELECT "shop_item"."id", "shop_item"."name", "shop_item"."desc", "shop_item"."price", "shop_item"."is_published", "shop_item"."created_at", "shop_item"."updated_at" FROM "shop_item"; args=()
(0.000) SELECT "django_session"."session_key", "django_session"."session_data", "django_session"."expire_date" FROM "django_session" WHERE ("django_session"."expire_date" > '2021-01-18 13:59:24.069675' AND "django_session"."session_key" = 'gtdgd52ou677nftrqks5c7up5rnjo7z9') LIMIT 21; args=('2021-01-18 13:59:24.069675', 'gtdgd52ou677nftrqks5c7up5rnjo7z9')
(0.000) SELECT "auth_user"."id", "auth_user"."password", "auth_user"."last_login", "auth_user"."is_superuser", "auth_user"."username", "auth_user"."first_name", "auth_user"."last_name", "auth_user"."email", "auth_user"."is_staff", "auth_user"."is_active", "auth_user"."date_joined" FROM "auth_user" WHERE "auth_user"."id" = 1 LIMIT 21; args=(1,)
(0.000) SELECT "shop_item"."id", "shop_item"."name", "shop_item"."desc", "shop_item"."price", "shop_item"."is_published", "shop_item"."created_at", "shop_item"."updated_at" FROM "shop_item"; args=()
(0.000) SELECT "django_session"."session_key", "django_session"."session_data", "django_session"."expire_date" FROM "django_session" WHERE ("django_session"."expire_date" > '2021-01-18 14:00:25.262409' AND "django_session"."session_key" = 'gtdgd52ou677nftrqks5c7up5rnjo7z9') LIMIT 21; args=('2021-01-18 14:00:25.262409', 'gtdgd52ou677nftrqks5c7up5rnjo7z9')
(0.000) SELECT "auth_user"."id", "auth_user"."password", "auth_user"."last_login", "auth_user"."is_superuser", "auth_user"."username", "auth_user"."first_name", "auth_user"."last_name", "auth_user"."email", "auth_user"."is_staff", "auth_user"."is_active", "auth_user"."date_joined" FROM "auth_user" WHERE "auth_user"."id" = 1 LIMIT 21; args=(1,)
(0.000) SELECT "shop_item"."id", "shop_item"."name", "shop_item"."desc", "shop_item"."price", "shop_item"."is_published", "shop_item"."created_at", "shop_item"."updated_at" FROM "shop_item"; args=()
(0.000) SELECT "django_session"."session_key", "django_session"."session_data", "django_session"."expire_date" FROM "django_session" WHERE ("django_session"."expire_date" > '2021-01-18 14:00:26.489203' AND "django_session"."session_key" = 'gtdgd52ou677nftrqks5c7up5rnjo7z9') LIMIT 21; args=('2021-01-18 14:00:26.489203', 'gtdgd52ou677nftrqks5c7up5rnjo7z9')
(0.001) SELECT "django_session"."session_key", "django_session"."session_data", "django_session"."expire_date" FROM "django_session" WHERE ("django_session"."expire_date" > '2021-01-18 14:00:50.630782' AND "django_session"."session_key" = 'gtdgd52ou677nftrqks5c7up5rnjo7z9') LIMIT 21; args=('2021-01-18 14:00:50.630782', 'gtdgd52ou677nftrqks5c7up5rnjo7z9')
(0.000) SELECT "auth_user"."id", "auth_user"."password", "auth_user"."last_login", "auth_user"."is_superuser", "auth_user"."username", "auth_user"."first_name", "auth_user"."last_name", "auth_user"."email", "auth_user"."is_staff", "auth_user"."is_active", "auth_user"."date_joined" FROM "auth_user" WHERE "auth_user"."id" = 1 LIMIT 21; args=(1,)
(0.000) SELECT "shop_item"."id", "shop_item"."name", "shop_item"."desc", "shop_item"."price", "shop_item"."is_published", "shop_item"."created_at", "shop_item"."updated_at" FROM "shop_item"; args=()
(0.000) SELECT "django_session"."session_key", "django_session"."session_data", "django_session"."expire_date" FROM "django_session" WHERE ("django_session"."expire_date" > '2021-01-18 14:00:51.254427' AND "django_session"."session_key" = 'gtdgd52ou677nftrqks5c7up5rnjo7z9') LIMIT 21; args=('2021-01-18 14:00:51.254427', 'gtdgd52ou677nftrqks5c7up5rnjo7z9')
(0.000) SELECT "django_session"."session_key", "django_session"."session_data", "django_session"."expire_date" FROM "django_session" WHERE ("django_session"."expire_date" > '2021-01-18 14:01:03.026397' AND "django_session"."session_key" = 'gtdgd52ou677nftrqks5c7up5rnjo7z9') LIMIT 21; args=('2021-01-18 14:01:03.026397', 'gtdgd52ou677nftrqks5c7up5rnjo7z9')
(0.000) SELECT "django_session"."session_key", "django_session"."session_data", "django_session"."expire_date" FROM "django_session" WHERE ("django_session"."expire_date" > '2021-01-18 14:01:03.667882' AND "django_session"."session_key" = 'gtdgd52ou677nftrqks5c7up5rnjo7z9') LIMIT 21; args=('2021-01-18 14:01:03.667882', 'gtdgd52ou677nftrqks5c7up5rnjo7z9')
(0.001) SELECT "django_session"."session_key", "django_session"."session_data", "django_session"."expire_date" FROM "django_session" WHERE ("django_session"."expire_date" > '2021-01-18 14:01:06.734273' AND "django_session"."session_key" = 'gtdgd52ou677nftrqks5c7up5rnjo7z9') LIMIT 21; args=('2021-01-18 14:01:06.734273', 'gtdgd52ou677nftrqks5c7up5rnjo7z9')
(0.000) SELECT "auth_user"."id", "auth_user"."password", "auth_user"."last_login", "auth_user"."is_superuser", "auth_user"."username", "auth_user"."first_name", "auth_user"."last_name", "auth_user"."email", "auth_user"."is_staff", "auth_user"."is_active", "auth_user"."date_joined" FROM "auth_user" WHERE "auth_user"."id" = 1 LIMIT 21; args=(1,)
(0.000) SELECT "shop_item"."id", "shop_item"."name", "shop_item"."desc", "shop_item"."price", "shop_item"."is_published", "shop_item"."created_at", "shop_item"."updated_at" FROM "shop_item"; args=()
(0.000) SELECT "shop_item"."id", "shop_item"."name", "shop_item"."desc", "shop_item"."price", "shop_item"."is_published", "shop_item"."created_at", "shop_item"."updated_at" FROM "shop_item" WHERE "shop_item"."id" = 2 LIMIT 21; args=(2,)
(0.000) SELECT "django_session"."session_key", "django_session"."session_data", "django_session"."expire_date" FROM "django_session" WHERE ("django_session"."expire_date" > '2021-01-18 14:01:07.641385' AND "django_session"."session_key" = 'gtdgd52ou677nftrqks5c7up5rnjo7z9') LIMIT 21; args=('2021-01-18 14:01:07.641385', 'gtdgd52ou677nftrqks5c7up5rnjo7z9')
(0.000) SELECT "auth_user"."id", "auth_user"."password", "auth_user"."last_login", "auth_user"."is_superuser", "auth_user"."username", "auth_user"."first_name", "auth_user"."last_name", "auth_user"."email", "auth_user"."is_staff", "auth_user"."is_active", "auth_user"."date_joined" FROM "auth_user" WHERE "auth_user"."id" = 1 LIMIT 21; args=(1,)
(0.000) SELECT "shop_item"."id", "shop_item"."name", "shop_item"."desc", "shop_item"."price", "shop_item"."is_published", "shop_item"."created_at", "shop_item"."updated_at" FROM "shop_item" WHERE "shop_item"."id" = 2 LIMIT 21; args=(2,)
(0.000) SELECT "django_session"."session_key", "django_session"."session_data", "django_session"."expire_date" FROM "django_session" WHERE ("django_session"."expire_date" > '2021-01-18 14:03:22.990069' AND "django_session"."session_key" = 'gtdgd52ou677nftrqks5c7up5rnjo7z9') LIMIT 21; args=('2021-01-18 14:03:22.990069', 'gtdgd52ou677nftrqks5c7up5rnjo7z9')
(0.000) SELECT "auth_user"."id", "auth_user"."password", "auth_user"."last_login", "auth_user"."is_superuser", "auth_user"."username", "auth_user"."first_name", "auth_user"."last_name", "auth_user"."email", "auth_user"."is_staff", "auth_user"."is_active", "auth_user"."date_joined" FROM "auth_user" WHERE "auth_user"."id" = 1 LIMIT 21; args=(1,)
(0.001) SELECT "django_session"."session_key", "django_session"."session_data", "django_session"."expire_date" FROM "django_session" WHERE ("django_session"."expire_date" > '2021-01-18 14:03:26.005808' AND "django_session"."session_key" = 'gtdgd52ou677nftrqks5c7up5rnjo7z9') LIMIT 21; args=('2021-01-18 14:03:26.005808', 'gtdgd52ou677nftrqks5c7up5rnjo7z9')
(0.000) SELECT "auth_user"."id", "auth_user"."password", "auth_user"."last_login", "auth_user"."is_superuser", "auth_user"."username", "auth_user"."first_name", "auth_user"."last_name", "auth_user"."email", "auth_user"."is_staff", "auth_user"."is_active", "auth_user"."date_joined" FROM "auth_user" WHERE "auth_user"."id" = 1 LIMIT 21; args=(1,)
(0.000) SELECT "shop_item"."id", "shop_item"."name", "shop_item"."desc", "shop_item"."price", "shop_item"."is_published", "shop_item"."created_at", "shop_item"."updated_at" FROM "shop_item" LIMIT 21; args=()
(0.000) SELECT "shop_item"."id", "shop_item"."name", "shop_item"."desc", "shop_item"."price", "shop_item"."is_published", "shop_item"."created_at", "shop_item"."updated_at" FROM "shop_item" LIMIT 21; args=()
(0.000) SELECT "shop_item"."id", "shop_item"."name", "shop_item"."desc", "shop_item"."price", "shop_item"."is_published", "shop_item"."created_at", "shop_item"."updated_at" FROM "shop_item" LIMIT 21; args=()
(0.000) SELECT "shop_item"."id", "shop_item"."name", "shop_item"."desc", "shop_item"."price", "shop_item"."is_published", "shop_item"."created_at", "shop_item"."updated_at" FROM "shop_item" LIMIT 21; args=()
(0.000) SELECT "shop_item"."id", "shop_item"."name", "shop_item"."desc", "shop_item"."price", "shop_item"."is_published", "shop_item"."created_at", "shop_item"."updated_at" FROM "shop_item" LIMIT 21; args=()
(0.000) SELECT "shop_item"."id", "shop_item"."name", "shop_item"."desc", "shop_item"."price", "shop_item"."is_published", "shop_item"."created_at", "shop_item"."updated_at" FROM "shop_item" LIMIT 21; args=()
(0.000) SELECT "shop_item"."id", "shop_item"."name", "shop_item"."desc", "shop_item"."price", "shop_item"."is_published", "shop_item"."created_at", "shop_item"."updated_at" FROM "shop_item" LIMIT 21; args=()
(0.000) SELECT "shop_item"."id", "shop_item"."name", "shop_item"."desc", "shop_item"."price", "shop_item"."is_published", "shop_item"."created_at", "shop_item"."updated_at" FROM "shop_item" LIMIT 21; args=()
(0.000) SELECT "shop_item"."id", "shop_item"."name", "shop_item"."desc", "shop_item"."price", "shop_item"."is_published", "shop_item"."created_at", "shop_item"."updated_at" FROM "shop_item" LIMIT 21; args=()
(0.000) SELECT "shop_item"."id", "shop_item"."name", "shop_item"."desc", "shop_item"."price", "shop_item"."is_published", "shop_item"."created_at", "shop_item"."updated_at" FROM "shop_item" LIMIT 21; args=()
(0.000) SELECT "shop_item"."id", "shop_item"."name", "shop_item"."desc", "shop_item"."price", "shop_item"."is_published", "shop_item"."created_at", "shop_item"."updated_at" FROM "shop_item" LIMIT 21; args=()
(0.000) SELECT "shop_item"."id", "shop_item"."name", "shop_item"."desc", "shop_item"."price", "shop_item"."is_published", "shop_item"."created_at", "shop_item"."updated_at" FROM "shop_item" LIMIT 21; args=()
(0.000) SELECT "shop_item"."id", "shop_item"."name", "shop_item"."desc", "shop_item"."price", "shop_item"."is_published", "shop_item"."created_at", "shop_item"."updated_at" FROM "shop_item" LIMIT 21; args=()
(0.001) SELECT "django_session"."session_key", "django_session"."session_data", "django_session"."expire_date" FROM "django_session" WHERE ("django_session"."expire_date" > '2021-01-18 14:04:14.334648' AND "django_session"."session_key" = 'gtdgd52ou677nftrqks5c7up5rnjo7z9') LIMIT 21; args=('2021-01-18 14:04:14.334648', 'gtdgd52ou677nftrqks5c7up5rnjo7z9')
(0.000) SELECT "auth_user"."id", "auth_user"."password", "auth_user"."last_login", "auth_user"."is_superuser", "auth_user"."username", "auth_user"."first_name", "auth_user"."last_name", "auth_user"."email", "auth_user"."is_staff", "auth_user"."is_active", "auth_user"."date_joined" FROM "auth_user" WHERE "auth_user"."id" = 1 LIMIT 21; args=(1,)
(0.000) SELECT "shop_item"."id", "shop_item"."name", "shop_item"."desc", "shop_item"."price", "shop_item"."is_published", "shop_item"."created_at", "shop_item"."updated_at" FROM "shop_item"; args=()
(0.000) SELECT "shop_item"."id", "shop_item"."name", "shop_item"."desc", "shop_item"."price", "shop_item"."is_published", "shop_item"."created_at", "shop_item"."updated_at" FROM "shop_item" WHERE "shop_item"."id" = 3 LIMIT 21; args=(3,)
(0.000) SELECT "django_session"."session_key", "django_session"."session_data", "django_session"."expire_date" FROM "django_session" WHERE ("django_session"."expire_date" > '2021-01-18 14:04:15.851732' AND "django_session"."session_key" = 'gtdgd52ou677nftrqks5c7up5rnjo7z9') LIMIT 21; args=('2021-01-18 14:04:15.851732', 'gtdgd52ou677nftrqks5c7up5rnjo7z9')
(0.000) SELECT "auth_user"."id", "auth_user"."password", "auth_user"."last_login", "auth_user"."is_superuser", "auth_user"."username", "auth_user"."first_name", "auth_user"."last_name", "auth_user"."email", "auth_user"."is_staff", "auth_user"."is_active", "auth_user"."date_joined" FROM "auth_user" WHERE "auth_user"."id" = 1 LIMIT 21; args=(1,)
(0.000) SELECT "django_session"."session_key", "django_session"."session_data", "django_session"."expire_date" FROM "django_session" WHERE ("django_session"."expire_date" > '2021-01-18 14:04:16.899006' AND "django_session"."session_key" = 'gtdgd52ou677nftrqks5c7up5rnjo7z9') LIMIT 21; args=('2021-01-18 14:04:16.899006', 'gtdgd52ou677nftrqks5c7up5rnjo7z9')
(0.000) SELECT "auth_user"."id", "auth_user"."password", "auth_user"."last_login", "auth_user"."is_superuser", "auth_user"."username", "auth_user"."first_name", "auth_user"."last_name", "auth_user"."email", "auth_user"."is_staff", "auth_user"."is_active", "auth_user"."date_joined" FROM "auth_user" WHERE "auth_user"."id" = 1 LIMIT 21; args=(1,)
(0.000) SELECT "shop_item"."id", "shop_item"."name", "shop_item"."desc", "shop_item"."price", "shop_item"."is_published", "shop_item"."created_at", "shop_item"."updated_at" FROM "shop_item"; args=()
(0.000) SELECT "shop_item"."id", "shop_item"."name", "shop_item"."desc", "shop_item"."price", "shop_item"."is_published", "shop_item"."created_at", "shop_item"."updated_at" FROM "shop_item" WHERE "shop_item"."id" = 4 LIMIT 21; args=(4,)
(0.000) SELECT "django_session"."session_key", "django_session"."session_data", "django_session"."expire_date" FROM "django_session" WHERE ("django_session"."expire_date" > '2021-01-18 14:04:18.011088' AND "django_session"."session_key" = 'gtdgd52ou677nftrqks5c7up5rnjo7z9') LIMIT 21; args=('2021-01-18 14:04:18.011088', 'gtdgd52ou677nftrqks5c7up5rnjo7z9')
(0.000) SELECT "auth_user"."id", "auth_user"."password", "auth_user"."last_login", "auth_user"."is_superuser", "auth_user"."username", "auth_user"."first_name", "auth_user"."last_name", "auth_user"."email", "auth_user"."is_staff", "auth_user"."is_active", "auth_user"."date_joined" FROM "auth_user" WHERE "auth_user"."id" = 1 LIMIT 21; args=(1,)
(0.000) SELECT "django_session"."session_key", "django_session"."session_data", "django_session"."expire_date" FROM "django_session" WHERE ("django_session"."expire_date" > '2021-01-18 14:04:19.518429' AND "django_session"."session_key" = 'gtdgd52ou677nftrqks5c7up5rnjo7z9') LIMIT 21; args=('2021-01-18 14:04:19.518429', 'gtdgd52ou677nftrqks5c7up5rnjo7z9')
(0.000) SELECT "auth_user"."id", "auth_user"."password", "auth_user"."last_login", "auth_user"."is_superuser", "auth_user"."username", "auth_user"."first_name", "auth_user"."last_name", "auth_user"."email", "auth_user"."is_staff", "auth_user"."is_active", "auth_user"."date_joined" FROM "auth_user" WHERE "auth_user"."id" = 1 LIMIT 21; args=(1,)
(0.000) SELECT "shop_item"."id", "shop_item"."name", "shop_item"."desc", "shop_item"."price", "shop_item"."is_published", "shop_item"."created_at", "shop_item"."updated_at" FROM "shop_item"; args=()
(0.000) SELECT "django_session"."session_key", "django_session"."session_data", "django_session"."expire_date" FROM "django_session" WHERE ("django_session"."expire_date" > '2021-01-18 14:04:54.905402' AND "django_session"."session_key" = 'gtdgd52ou677nftrqks5c7up5rnjo7z9') LIMIT 21; args=('2021-01-18 14:04:54.905402', 'gtdgd52ou677nftrqks5c7up5rnjo7z9')
(0.000) SELECT "auth_user"."id", "auth_user"."password", "auth_user"."last_login", "auth_user"."is_superuser", "auth_user"."username", "auth_user"."first_name", "auth_user"."last_name", "auth_user"."email", "auth_user"."is_staff", "auth_user"."is_active", "auth_user"."date_joined" FROM "auth_user" WHERE "auth_user"."id" = 1 LIMIT 21; args=(1,)
(0.000) SELECT "shop_item"."id", "shop_item"."name", "shop_item"."desc", "shop_item"."price", "shop_item"."is_published", "shop_item"."created_at", "shop_item"."updated_at" FROM "shop_item"; args=()
(0.000) SELECT "django_session"."session_key", "django_session"."session_data", "django_session"."expire_date" FROM "django_session" WHERE ("django_session"."expire_date" > '2021-01-18 14:04:56.701495' AND "django_session"."session_key" = 'gtdgd52ou677nftrqks5c7up5rnjo7z9') LIMIT 21; args=('2021-01-18 14:04:56.701495', 'gtdgd52ou677nftrqks5c7up5rnjo7z9')
(0.000) SELECT "auth_user"."id", "auth_user"."password", "auth_user"."last_login", "auth_user"."is_superuser", "auth_user"."username", "auth_user"."first_name", "auth_user"."last_name", "auth_user"."email", "auth_user"."is_staff", "auth_user"."is_active", "auth_user"."date_joined" FROM "auth_user" WHERE "auth_user"."id" = 1 LIMIT 21; args=(1,)
(0.000) SELECT "shop_item"."id", "shop_item"."name", "shop_item"."desc", "shop_item"."price", "shop_item"."is_published", "shop_item"."created_at", "shop_item"."updated_at" FROM "shop_item"; args=()
(0.000) SELECT "shop_item"."id", "shop_item"."name", "shop_item"."desc", "shop_item"."price", "shop_item"."is_published", "shop_item"."created_at", "shop_item"."updated_at" FROM "shop_item" WHERE "shop_item"."id" = 2 LIMIT 21; args=(2,)
(0.000) SELECT "django_session"."session_key", "django_session"."session_data", "django_session"."expire_date" FROM "django_session" WHERE ("django_session"."expire_date" > '2021-01-18 14:04:59.085040' AND "django_session"."session_key" = 'gtdgd52ou677nftrqks5c7up5rnjo7z9') LIMIT 21; args=('2021-01-18 14:04:59.085040', 'gtdgd52ou677nftrqks5c7up5rnjo7z9')
(0.000) SELECT "auth_user"."id", "auth_user"."password", "auth_user"."last_login", "auth_user"."is_superuser", "auth_user"."username", "auth_user"."first_name", "auth_user"."last_name", "auth_user"."email", "auth_user"."is_staff", "auth_user"."is_active", "auth_user"."date_joined" FROM "auth_user" WHERE "auth_user"."id" = 1 LIMIT 21; args=(1,)
(0.000) SELECT "django_session"."session_key", "django_session"."session_data", "django_session"."expire_date" FROM "django_session" WHERE ("django_session"."expire_date" > '2021-01-18 14:04:59.946529' AND "django_session"."session_key" = 'gtdgd52ou677nftrqks5c7up5rnjo7z9') LIMIT 21; args=('2021-01-18 14:04:59.946529', 'gtdgd52ou677nftrqks5c7up5rnjo7z9')
(0.000) SELECT "auth_user"."id", "auth_user"."password", "auth_user"."last_login", "auth_user"."is_superuser", "auth_user"."username", "auth_user"."first_name", "auth_user"."last_name", "auth_user"."email", "auth_user"."is_staff", "auth_user"."is_active", "auth_user"."date_joined" FROM "auth_user" WHERE "auth_user"."id" = 1 LIMIT 21; args=(1,)
(0.000) SELECT "shop_item"."id", "shop_item"."name", "shop_item"."desc", "shop_item"."price", "shop_item"."is_published", "shop_item"."created_at", "shop_item"."updated_at" FROM "shop_item"; args=()
(0.000) SELECT "django_session"."session_key", "django_session"."session_data", "django_session"."expire_date" FROM "django_session" WHERE ("django_session"."expire_date" > '2021-01-18 14:05:20.569663' AND "django_session"."session_key" = 'gtdgd52ou677nftrqks5c7up5rnjo7z9') LIMIT 21; args=('2021-01-18 14:05:20.569663', 'gtdgd52ou677nftrqks5c7up5rnjo7z9')
(0.000) SELECT "auth_user"."id", "auth_user"."password", "auth_user"."last_login", "auth_user"."is_superuser", "auth_user"."username", "auth_user"."first_name", "auth_user"."last_name", "auth_user"."email", "auth_user"."is_staff", "auth_user"."is_active", "auth_user"."date_joined" FROM "auth_user" WHERE "auth_user"."id" = 1 LIMIT 21; args=(1,)
(0.000) SELECT "shop_item"."id", "shop_item"."name", "shop_item"."desc", "shop_item"."price", "shop_item"."is_published", "shop_item"."created_at", "shop_item"."updated_at" FROM "shop_item"; args=()
(0.000) SELECT "shop_item"."id", "shop_item"."name", "shop_item"."desc", "shop_item"."price", "shop_item"."is_published", "shop_item"."created_at", "shop_item"."updated_at" FROM "shop_item" WHERE "shop_item"."id" = 2 LIMIT 21; args=(2,)
(0.000) SELECT "django_session"."session_key", "django_session"."session_data", "django_session"."expire_date" FROM "django_session" WHERE ("django_session"."expire_date" > '2021-01-18 14:05:21.562486' AND "django_session"."session_key" = 'gtdgd52ou677nftrqks5c7up5rnjo7z9') LIMIT 21; args=('2021-01-18 14:05:21.562486', 'gtdgd52ou677nftrqks5c7up5rnjo7z9')
(0.000) SELECT "auth_user"."id", "auth_user"."password", "auth_user"."last_login", "auth_user"."is_superuser", "auth_user"."username", "auth_user"."first_name", "auth_user"."last_name", "auth_user"."email", "auth_user"."is_staff", "auth_user"."is_active", "auth_user"."date_joined" FROM "auth_user" WHERE "auth_user"."id" = 1 LIMIT 21; args=(1,)
(0.001) SELECT "django_session"."session_key", "django_session"."session_data", "django_session"."expire_date" FROM "django_session" WHERE ("django_session"."expire_date" > '2021-01-18 14:07:12.287963' AND "django_session"."session_key" = 'gtdgd52ou677nftrqks5c7up5rnjo7z9') LIMIT 21; args=('2021-01-18 14:07:12.287963', 'gtdgd52ou677nftrqks5c7up5rnjo7z9')
(0.001) SELECT "auth_user"."id", "auth_user"."password", "auth_user"."last_login", "auth_user"."is_superuser", "auth_user"."username", "auth_user"."first_name", "auth_user"."last_name", "auth_user"."email", "auth_user"."is_staff", "auth_user"."is_active", "auth_user"."date_joined" FROM "auth_user" WHERE "auth_user"."id" = 1 LIMIT 21; args=(1,)
(0.000) SELECT "shop_item"."id", "shop_item"."name", "shop_item"."desc", "shop_item"."price", "shop_item"."is_published", "shop_item"."created_at", "shop_item"."updated_at" FROM "shop_item"; args=()
(0.000) SELECT "shop_item"."id", "shop_item"."name", "shop_item"."desc", "shop_item"."price", "shop_item"."is_published", "shop_item"."created_at", "shop_item"."updated_at" FROM "shop_item" WHERE "shop_item"."id" = 4 LIMIT 21; args=(4,)
(0.000) SELECT "django_session"."session_key", "django_session"."session_data", "django_session"."expire_date" FROM "django_session" WHERE ("django_session"."expire_date" > '2021-01-18 14:07:12.973926' AND "django_session"."session_key" = 'gtdgd52ou677nftrqks5c7up5rnjo7z9') LIMIT 21; args=('2021-01-18 14:07:12.973926', 'gtdgd52ou677nftrqks5c7up5rnjo7z9')
(0.000) SELECT "auth_user"."id", "auth_user"."password", "auth_user"."last_login", "auth_user"."is_superuser", "auth_user"."username", "auth_user"."first_name", "auth_user"."last_name", "auth_user"."email", "auth_user"."is_staff", "auth_user"."is_active", "auth_user"."date_joined" FROM "auth_user" WHERE "auth_user"."id" = 1 LIMIT 21; args=(1,)
(0.000) SELECT "shop_item"."id", "shop_item"."name", "shop_item"."desc", "shop_item"."price", "shop_item"."is_published", "shop_item"."created_at", "shop_item"."updated_at" FROM "shop_item" WHERE "shop_item"."id" = 4 LIMIT 21; args=(4,)
(0.000) SELECT "django_session"."session_key", "django_session"."session_data", "django_session"."expire_date" FROM "django_session" WHERE ("django_session"."expire_date" > '2021-01-18 14:07:46.196379' AND "django_session"."session_key" = 'gtdgd52ou677nftrqks5c7up5rnjo7z9') LIMIT 21; args=('2021-01-18 14:07:46.196379', 'gtdgd52ou677nftrqks5c7up5rnjo7z9')
(0.000) SELECT "auth_user"."id", "auth_user"."password", "auth_user"."last_login", "auth_user"."is_superuser", "auth_user"."username", "auth_user"."first_name", "auth_user"."last_name", "auth_user"."email", "auth_user"."is_staff", "auth_user"."is_active", "auth_user"."date_joined" FROM "auth_user" WHERE "auth_user"."id" = 1 LIMIT 21; args=(1,)
(0.000) SELECT "django_session"."session_key", "django_session"."session_data", "django_session"."expire_date" FROM "django_session" WHERE ("django_session"."expire_date" > '2021-01-18 14:07:48.471397' AND "django_session"."session_key" = 'gtdgd52ou677nftrqks5c7up5rnjo7z9') LIMIT 21; args=('2021-01-18 14:07:48.471397', 'gtdgd52ou677nftrqks5c7up5rnjo7z9')
(0.000) SELECT "auth_user"."id", "auth_user"."password", "auth_user"."last_login", "auth_user"."is_superuser", "auth_user"."username", "auth_user"."first_name", "auth_user"."last_name", "auth_user"."email", "auth_user"."is_staff", "auth_user"."is_active", "auth_user"."date_joined" FROM "auth_user" WHERE "auth_user"."id" = 1 LIMIT 21; args=(1,)
(0.000) SELECT "shop_item"."id", "shop_item"."name", "shop_item"."desc", "shop_item"."price", "shop_item"."is_published", "shop_item"."created_at", "shop_item"."updated_at" FROM "shop_item" LIMIT 21; args=()
(0.000) SELECT "shop_item"."id", "shop_item"."name", "shop_item"."desc", "shop_item"."price", "shop_item"."is_published", "shop_item"."created_at", "shop_item"."updated_at" FROM "shop_item" LIMIT 21; args=()
(0.000) SELECT "shop_item"."id", "shop_item"."name", "shop_item"."desc", "shop_item"."price", "shop_item"."is_published", "shop_item"."created_at", "shop_item"."updated_at" FROM "shop_item" LIMIT 21; args=()
(0.000) SELECT "shop_item"."id", "shop_item"."name", "shop_item"."desc", "shop_item"."price", "shop_item"."is_published", "shop_item"."created_at", "shop_item"."updated_at" FROM "shop_item" LIMIT 21; args=()
(0.000) SELECT "shop_item"."id", "shop_item"."name", "shop_item"."desc", "shop_item"."price", "shop_item"."is_published", "shop_item"."created_at", "shop_item"."updated_at" FROM "shop_item" LIMIT 21; args=()
(0.000) SELECT "shop_item"."id", "shop_item"."name", "shop_item"."desc", "shop_item"."price", "shop_item"."is_published", "shop_item"."created_at", "shop_item"."updated_at" FROM "shop_item" LIMIT 21; args=()
(0.000) SELECT "shop_item"."id", "shop_item"."name", "shop_item"."desc", "shop_item"."price", "shop_item"."is_published", "shop_item"."created_at", "shop_item"."updated_at" FROM "shop_item" LIMIT 21; args=()
(0.000) SELECT "shop_item"."id", "shop_item"."name", "shop_item"."desc", "shop_item"."price", "shop_item"."is_published", "shop_item"."created_at", "shop_item"."updated_at" FROM "shop_item" LIMIT 21; args=()
(0.000) SELECT "shop_item"."id", "shop_item"."name", "shop_item"."desc", "shop_item"."price", "shop_item"."is_published", "shop_item"."created_at", "shop_item"."updated_at" FROM "shop_item" LIMIT 21; args=()
(0.000) SELECT "shop_item"."id", "shop_item"."name", "shop_item"."desc", "shop_item"."price", "shop_item"."is_published", "shop_item"."created_at", "shop_item"."updated_at" FROM "shop_item" LIMIT 21; args=()
(0.000) SELECT "shop_item"."id", "shop_item"."name", "shop_item"."desc", "shop_item"."price", "shop_item"."is_published", "shop_item"."created_at", "shop_item"."updated_at" FROM "shop_item" LIMIT 21; args=()
(0.000) SELECT "shop_item"."id", "shop_item"."name", "shop_item"."desc", "shop_item"."price", "shop_item"."is_published", "shop_item"."created_at", "shop_item"."updated_at" FROM "shop_item" LIMIT 21; args=()
(0.000) SELECT "shop_item"."id", "shop_item"."name", "shop_item"."desc", "shop_item"."price", "shop_item"."is_published", "shop_item"."created_at", "shop_item"."updated_at" FROM "shop_item" LIMIT 21; args=()
(0.000) SELECT "django_session"."session_key", "django_session"."session_data", "django_session"."expire_date" FROM "django_session" WHERE ("django_session"."expire_date" > '2021-01-18 14:07:54.891791' AND "django_session"."session_key" = 'gtdgd52ou677nftrqks5c7up5rnjo7z9') LIMIT 21; args=('2021-01-18 14:07:54.891791', 'gtdgd52ou677nftrqks5c7up5rnjo7z9')
(0.000) SELECT "auth_user"."id", "auth_user"."password", "auth_user"."last_login", "auth_user"."is_superuser", "auth_user"."username", "auth_user"."first_name", "auth_user"."last_name", "auth_user"."email", "auth_user"."is_staff", "auth_user"."is_active", "auth_user"."date_joined" FROM "auth_user" WHERE "auth_user"."id" = 1 LIMIT 21; args=(1,)
(0.000) SELECT "shop_item"."id", "shop_item"."name", "shop_item"."desc", "shop_item"."price", "shop_item"."is_published", "shop_item"."created_at", "shop_item"."updated_at" FROM "shop_item"; args=()
(0.000) SELECT "shop_item"."id", "shop_item"."name", "shop_item"."desc", "shop_item"."price", "shop_item"."is_published", "shop_item"."created_at", "shop_item"."updated_at" FROM "shop_item" WHERE "shop_item"."id" = 5 LIMIT 21; args=(5,)
(0.000) SELECT "django_session"."session_key", "django_session"."session_data", "django_session"."expire_date" FROM "django_session" WHERE ("django_session"."expire_date" > '2021-01-18 14:07:56.035248' AND "django_session"."session_key" = 'gtdgd52ou677nftrqks5c7up5rnjo7z9') LIMIT 21; args=('2021-01-18 14:07:56.035248', 'gtdgd52ou677nftrqks5c7up5rnjo7z9')
(0.000) SELECT "auth_user"."id", "auth_user"."password", "auth_user"."last_login", "auth_user"."is_superuser", "auth_user"."username", "auth_user"."first_name", "auth_user"."last_name", "auth_user"."email", "auth_user"."is_staff", "auth_user"."is_active", "auth_user"."date_joined" FROM "auth_user" WHERE "auth_user"."id" = 1 LIMIT 21; args=(1,)
(0.000) SELECT "shop_item"."id", "shop_item"."name", "shop_item"."desc", "shop_item"."price", "shop_item"."is_published", "shop_item"."created_at", "shop_item"."updated_at" FROM "shop_item" WHERE "shop_item"."id" = 5 LIMIT 21; args=(5,)
(0.000) SELECT "django_session"."session_key", "django_session"."session_data", "django_session"."expire_date" FROM "django_session" WHERE ("django_session"."expire_date" > '2021-01-18 14:08:09.347087' AND "django_session"."session_key" = 'gtdgd52ou677nftrqks5c7up5rnjo7z9') LIMIT 21; args=('2021-01-18 14:08:09.347087', 'gtdgd52ou677nftrqks5c7up5rnjo7z9')
(0.000) SELECT "auth_user"."id", "auth_user"."password", "auth_user"."last_login", "auth_user"."is_superuser", "auth_user"."username", "auth_user"."first_name", "auth_user"."last_name", "auth_user"."email", "auth_user"."is_staff", "auth_user"."is_active", "auth_user"."date_joined" FROM "auth_user" WHERE "auth_user"."id" = 1 LIMIT 21; args=(1,)
(0.000) SELECT "django_session"."session_key", "django_session"."session_data", "django_session"."expire_date" FROM "django_session" WHERE ("django_session"."expire_date" > '2021-01-18 14:08:10.636891' AND "django_session"."session_key" = 'gtdgd52ou677nftrqks5c7up5rnjo7z9') LIMIT 21; args=('2021-01-18 14:08:10.636891', 'gtdgd52ou677nftrqks5c7up5rnjo7z9')
(0.000) SELECT "auth_user"."id", "auth_user"."password", "auth_user"."last_login", "auth_user"."is_superuser", "auth_user"."username", "auth_user"."first_name", "auth_user"."last_name", "auth_user"."email", "auth_user"."is_staff", "auth_user"."is_active", "auth_user"."date_joined" FROM "auth_user" WHERE "auth_user"."id" = 1 LIMIT 21; args=(1,)
(0.000) SELECT "shop_item"."id", "shop_item"."name", "shop_item"."desc", "shop_item"."price", "shop_item"."is_published", "shop_item"."created_at", "shop_item"."updated_at" FROM "shop_item"; args=()
(0.000) SELECT "django_session"."session_key", "django_session"."session_data", "django_session"."expire_date" FROM "django_session" WHERE ("django_session"."expire_date" > '2021-01-18 14:13:13.318937' AND "django_session"."session_key" = 'gtdgd52ou677nftrqks5c7up5rnjo7z9') LIMIT 21; args=('2021-01-18 14:13:13.318937', 'gtdgd52ou677nftrqks5c7up5rnjo7z9')
(0.000) SELECT "auth_user"."id", "auth_user"."password", "auth_user"."last_login", "auth_user"."is_superuser", "auth_user"."username", "auth_user"."first_name", "auth_user"."last_name", "auth_user"."email", "auth_user"."is_staff", "auth_user"."is_active", "auth_user"."date_joined" FROM "auth_user" WHERE "auth_user"."id" = 1 LIMIT 21; args=(1,)
(0.000) SELECT "shop_item"."id", "shop_item"."name", "shop_item"."desc", "shop_item"."price", "shop_item"."is_published", "shop_item"."created_at", "shop_item"."updated_at" FROM "shop_item"; args=()
(0.000) SELECT "django_session"."session_key", "django_session"."session_data", "django_session"."expire_date" FROM "django_session" WHERE ("django_session"."expire_date" > '2021-01-18 14:14:32.694103' AND "django_session"."session_key" = 'gtdgd52ou677nftrqks5c7up5rnjo7z9') LIMIT 21; args=('2021-01-18 14:14:32.694103', 'gtdgd52ou677nftrqks5c7up5rnjo7z9')
(0.000) SELECT "auth_user"."id", "auth_user"."password", "auth_user"."last_login", "auth_user"."is_superuser", "auth_user"."username", "auth_user"."first_name", "auth_user"."last_name", "auth_user"."email", "auth_user"."is_staff", "auth_user"."is_active", "auth_user"."date_joined" FROM "auth_user" WHERE "auth_user"."id" = 1 LIMIT 21; args=(1,)
(0.000) SELECT "shop_item"."id", "shop_item"."name", "shop_item"."desc", "shop_item"."price", "shop_item"."is_published", "shop_item"."created_at", "shop_item"."updated_at" FROM "shop_item" LIMIT 21; args=()
(0.000) SELECT "shop_item"."id", "shop_item"."name", "shop_item"."desc", "shop_item"."price", "shop_item"."is_published", "shop_item"."created_at", "shop_item"."updated_at" FROM "shop_item" LIMIT 21; args=()
(0.000) SELECT "shop_item"."id", "shop_item"."name", "shop_item"."desc", "shop_item"."price", "shop_item"."is_published", "shop_item"."created_at", "shop_item"."updated_at" FROM "shop_item" LIMIT 21; args=()
(0.000) SELECT "shop_item"."id", "shop_item"."name", "shop_item"."desc", "shop_item"."price", "shop_item"."is_published", "shop_item"."created_at", "shop_item"."updated_at" FROM "shop_item" LIMIT 21; args=()
(0.000) SELECT "shop_item"."id", "shop_item"."name", "shop_item"."desc", "shop_item"."price", "shop_item"."is_published", "shop_item"."created_at", "shop_item"."updated_at" FROM "shop_item" LIMIT 21; args=()
(0.000) SELECT "shop_item"."id", "shop_item"."name", "shop_item"."desc", "shop_item"."price", "shop_item"."is_published", "shop_item"."created_at", "shop_item"."updated_at" FROM "shop_item" LIMIT 21; args=()
(0.000) SELECT "shop_item"."id", "shop_item"."name", "shop_item"."desc", "shop_item"."price", "shop_item"."is_published", "shop_item"."created_at", "shop_item"."updated_at" FROM "shop_item" LIMIT 21; args=()
(0.000) SELECT "shop_item"."id", "shop_item"."name", "shop_item"."desc", "shop_item"."price", "shop_item"."is_published", "shop_item"."created_at", "shop_item"."updated_at" FROM "shop_item" LIMIT 21; args=()
(0.000) SELECT "shop_item"."id", "shop_item"."name", "shop_item"."desc", "shop_item"."price", "shop_item"."is_published", "shop_item"."created_at", "shop_item"."updated_at" FROM "shop_item" LIMIT 21; args=()
(0.000) SELECT "shop_item"."id", "shop_item"."name", "shop_item"."desc", "shop_item"."price", "shop_item"."is_published", "shop_item"."created_at", "shop_item"."updated_at" FROM "shop_item" LIMIT 21; args=()
(0.000) SELECT "shop_item"."id", "shop_item"."name", "shop_item"."desc", "shop_item"."price", "shop_item"."is_published", "shop_item"."created_at", "shop_item"."updated_at" FROM "shop_item" LIMIT 21; args=()
(0.000) SELECT "shop_item"."id", "shop_item"."name", "shop_item"."desc", "shop_item"."price", "shop_item"."is_published", "shop_item"."created_at", "shop_item"."updated_at" FROM "shop_item" LIMIT 21; args=()
(0.000) SELECT "shop_item"."id", "shop_item"."name", "shop_item"."desc", "shop_item"."price", "shop_item"."is_published", "shop_item"."created_at", "shop_item"."updated_at" FROM "shop_item" LIMIT 21; args=()
(0.000) SELECT "shop_item"."id", "shop_item"."name", "shop_item"."desc", "shop_item"."price", "shop_item"."is_published", "shop_item"."created_at", "shop_item"."updated_at" FROM "shop_item" LIMIT 21; args=()
(0.000) SELECT "shop_item"."id", "shop_item"."name", "shop_item"."desc", "shop_item"."price", "shop_item"."is_published", "shop_item"."created_at", "shop_item"."updated_at" FROM "shop_item" LIMIT 21; args=()
(0.000) SELECT "shop_item"."id", "shop_item"."name", "shop_item"."desc", "shop_item"."price", "shop_item"."is_published", "shop_item"."created_at", "shop_item"."updated_at" FROM "shop_item" LIMIT 21; args=()
(0.000) SELECT "shop_item"."id", "shop_item"."name", "shop_item"."desc", "shop_item"."price", "shop_item"."is_published", "shop_item"."created_at", "shop_item"."updated_at" FROM "shop_item" LIMIT 21; args=()
(0.000) SELECT "django_session"."session_key", "django_session"."session_data", "django_session"."expire_date" FROM "django_session" WHERE ("django_session"."expire_date" > '2021-01-18 14:14:59.292859' AND "django_session"."session_key" = 'gtdgd52ou677nftrqks5c7up5rnjo7z9') LIMIT 21; args=('2021-01-18 14:14:59.292859', 'gtdgd52ou677nftrqks5c7up5rnjo7z9')
(0.000) SELECT "auth_user"."id", "auth_user"."password", "auth_user"."last_login", "auth_user"."is_superuser", "auth_user"."username", "auth_user"."first_name", "auth_user"."last_name", "auth_user"."email", "auth_user"."is_staff", "auth_user"."is_active", "auth_user"."date_joined" FROM "auth_user" WHERE "auth_user"."id" = 1 LIMIT 21; args=(1,)
(0.000) SELECT "shop_item"."id", "shop_item"."name", "shop_item"."desc", "shop_item"."price", "shop_item"."is_published", "shop_item"."created_at", "shop_item"."updated_at" FROM "shop_item"; args=()
(0.000) SELECT "shop_item"."id", "shop_item"."name", "shop_item"."desc", "shop_item"."price", "shop_item"."is_published", "shop_item"."created_at", "shop_item"."updated_at" FROM "shop_item" WHERE "shop_item"."id" = 2 LIMIT 21; args=(2,)
(0.000) SELECT "django_session"."session_key", "django_session"."session_data", "django_session"."expire_date" FROM "django_session" WHERE ("django_session"."expire_date" > '2021-01-18 14:15:00.744683' AND "django_session"."session_key" = 'gtdgd52ou677nftrqks5c7up5rnjo7z9') LIMIT 21; args=('2021-01-18 14:15:00.744683', 'gtdgd52ou677nftrqks5c7up5rnjo7z9')
(0.000) SELECT "auth_user"."id", "auth_user"."password", "auth_user"."last_login", "auth_user"."is_superuser", "auth_user"."username", "auth_user"."first_name", "auth_user"."last_name", "auth_user"."email", "auth_user"."is_staff", "auth_user"."is_active", "auth_user"."date_joined" FROM "auth_user" WHERE "auth_user"."id" = 1 LIMIT 21; args=(1,)
(0.000) SELECT "django_session"."session_key", "django_session"."session_data", "django_session"."expire_date" FROM "django_session" WHERE ("django_session"."expire_date" > '2021-01-18 14:15:01.821014' AND "django_session"."session_key" = 'gtdgd52ou677nftrqks5c7up5rnjo7z9') LIMIT 21; args=('2021-01-18 14:15:01.821014', 'gtdgd52ou677nftrqks5c7up5rnjo7z9')
(0.000) SELECT "auth_user"."id", "auth_user"."password", "auth_user"."last_login", "auth_user"."is_superuser", "auth_user"."username", "auth_user"."first_name", "auth_user"."last_name", "auth_user"."email", "auth_user"."is_staff", "auth_user"."is_active", "auth_user"."date_joined" FROM "auth_user" WHERE "auth_user"."id" = 1 LIMIT 21; args=(1,)
(0.000) SELECT "shop_item"."id", "shop_item"."name", "shop_item"."desc", "shop_item"."price", "shop_item"."is_published", "shop_item"."created_at", "shop_item"."updated_at" FROM "shop_item"; args=()
(0.000) SELECT "shop_item"."id", "shop_item"."name", "shop_item"."desc", "shop_item"."price", "shop_item"."is_published", "shop_item"."created_at", "shop_item"."updated_at" FROM "shop_item" WHERE "shop_item"."id" = 4 LIMIT 21; args=(4,)
(0.000) SELECT "django_session"."session_key", "django_session"."session_data", "django_session"."expire_date" FROM "django_session" WHERE ("django_session"."expire_date" > '2021-01-18 14:15:02.315933' AND "django_session"."session_key" = 'gtdgd52ou677nftrqks5c7up5rnjo7z9') LIMIT 21; args=('2021-01-18 14:15:02.315933', 'gtdgd52ou677nftrqks5c7up5rnjo7z9')
(0.000) SELECT "auth_user"."id", "auth_user"."password", "auth_user"."last_login", "auth_user"."is_superuser", "auth_user"."username", "auth_user"."first_name", "auth_user"."last_name", "auth_user"."email", "auth_user"."is_staff", "auth_user"."is_active", "auth_user"."date_joined" FROM "auth_user" WHERE "auth_user"."id" = 1 LIMIT 21; args=(1,)
(0.001) SELECT "shop_item"."id", "shop_item"."name", "shop_item"."desc", "shop_item"."price", "shop_item"."is_published", "shop_item"."created_at", "shop_item"."updated_at" FROM "shop_item" WHERE "shop_item"."id" = 4 LIMIT 21; args=(4,)
(0.001) SELECT "django_session"."session_key", "django_session"."session_data", "django_session"."expire_date" FROM "django_session" WHERE ("django_session"."expire_date" > '2021-01-18 14:15:32.424556' AND "django_session"."session_key" = 'gtdgd52ou677nftrqks5c7up5rnjo7z9') LIMIT 21; args=('2021-01-18 14:15:32.424556', 'gtdgd52ou677nftrqks5c7up5rnjo7z9')
(0.000) SELECT "auth_user"."id", "auth_user"."password", "auth_user"."last_login", "auth_user"."is_superuser", "auth_user"."username", "auth_user"."first_name", "auth_user"."last_name", "auth_user"."email", "auth_user"."is_staff", "auth_user"."is_active", "auth_user"."date_joined" FROM "auth_user" WHERE "auth_user"."id" = 1 LIMIT 21; args=(1,)
(0.000) SELECT "django_session"."session_key", "django_session"."session_data", "django_session"."expire_date" FROM "django_session" WHERE ("django_session"."expire_date" > '2021-01-18 14:15:36.773082' AND "django_session"."session_key" = 'gtdgd52ou677nftrqks5c7up5rnjo7z9') LIMIT 21; args=('2021-01-18 14:15:36.773082', 'gtdgd52ou677nftrqks5c7up5rnjo7z9')
(0.000) SELECT "django_session"."session_key", "django_session"."session_data", "django_session"."expire_date" FROM "django_session" WHERE ("django_session"."expire_date" > '2021-01-18 14:15:39.106009' AND "django_session"."session_key" = 'gtdgd52ou677nftrqks5c7up5rnjo7z9') LIMIT 21; args=('2021-01-18 14:15:39.106009', 'gtdgd52ou677nftrqks5c7up5rnjo7z9')
(0.000) SELECT "auth_user"."id", "auth_user"."password", "auth_user"."last_login", "auth_user"."is_superuser", "auth_user"."username", "auth_user"."first_name", "auth_user"."last_name", "auth_user"."email", "auth_user"."is_staff", "auth_user"."is_active", "auth_user"."date_joined" FROM "auth_user" WHERE "auth_user"."id" = 1 LIMIT 21; args=(1,)
(0.000) SELECT "shop_item"."id", "shop_item"."name", "shop_item"."desc", "shop_item"."price", "shop_item"."is_published", "shop_item"."created_at", "shop_item"."updated_at" FROM "shop_item"; args=()
(0.000) SELECT "django_session"."session_key", "django_session"."session_data", "django_session"."expire_date" FROM "django_session" WHERE ("django_session"."expire_date" > '2021-01-18 14:17:23.966959' AND "django_session"."session_key" = 'gtdgd52ou677nftrqks5c7up5rnjo7z9') LIMIT 21; args=('2021-01-18 14:17:23.966959', 'gtdgd52ou677nftrqks5c7up5rnjo7z9')
(0.000) SELECT "auth_user"."id", "auth_user"."password", "auth_user"."last_login", "auth_user"."is_superuser", "auth_user"."username", "auth_user"."first_name", "auth_user"."last_name", "auth_user"."email", "auth_user"."is_staff", "auth_user"."is_active", "auth_user"."date_joined" FROM "auth_user" WHERE "auth_user"."id" = 1 LIMIT 21; args=(1,)
(0.000) SELECT "shop_item"."id", "shop_item"."name", "shop_item"."desc", "shop_item"."price", "shop_item"."is_published", "shop_item"."created_at", "shop_item"."updated_at" FROM "shop_item" LIMIT 21; args=()
(0.000) SELECT "shop_item"."id", "shop_item"."name", "shop_item"."desc", "shop_item"."price", "shop_item"."is_published", "shop_item"."created_at", "shop_item"."updated_at" FROM "shop_item" LIMIT 21; args=()
(0.000) SELECT "shop_item"."id", "shop_item"."name", "shop_item"."desc", "shop_item"."price", "shop_item"."is_published", "shop_item"."created_at", "shop_item"."updated_at" FROM "shop_item" LIMIT 21; args=()
(0.000) SELECT "shop_item"."id", "shop_item"."name", "shop_item"."desc", "shop_item"."price", "shop_item"."is_published", "shop_item"."created_at", "shop_item"."updated_at" FROM "shop_item" LIMIT 21; args=()
(0.000) SELECT "shop_item"."id", "shop_item"."name", "shop_item"."desc", "shop_item"."price", "shop_item"."is_published", "shop_item"."created_at", "shop_item"."updated_at" FROM "shop_item" LIMIT 21; args=()
(0.000) SELECT "shop_item"."id", "shop_item"."name", "shop_item"."desc", "shop_item"."price", "shop_item"."is_published", "shop_item"."created_at", "shop_item"."updated_at" FROM "shop_item" LIMIT 21; args=()
(0.000) SELECT "shop_item"."id", "shop_item"."name", "shop_item"."desc", "shop_item"."price", "shop_item"."is_published", "shop_item"."created_at", "shop_item"."updated_at" FROM "shop_item" LIMIT 21; args=()
(0.000) SELECT "shop_item"."id", "shop_item"."name", "shop_item"."desc", "shop_item"."price", "shop_item"."is_published", "shop_item"."created_at", "shop_item"."updated_at" FROM "shop_item" LIMIT 21; args=()
(0.000) SELECT "shop_item"."id", "shop_item"."name", "shop_item"."desc", "shop_item"."price", "shop_item"."is_published", "shop_item"."created_at", "shop_item"."updated_at" FROM "shop_item" LIMIT 21; args=()
(0.000) SELECT "shop_item"."id", "shop_item"."name", "shop_item"."desc", "shop_item"."price", "shop_item"."is_published", "shop_item"."created_at", "shop_item"."updated_at" FROM "shop_item" LIMIT 21; args=()
(0.000) SELECT "shop_item"."id", "shop_item"."name", "shop_item"."desc", "shop_item"."price", "shop_item"."is_published", "shop_item"."created_at", "shop_item"."updated_at" FROM "shop_item" LIMIT 21; args=()
(0.000) SELECT "shop_item"."id", "shop_item"."name", "shop_item"."desc", "shop_item"."price", "shop_item"."is_published", "shop_item"."created_at", "shop_item"."updated_at" FROM "shop_item" LIMIT 21; args=()
(0.000) SELECT "shop_item"."id", "shop_item"."name", "shop_item"."desc", "shop_item"."price", "shop_item"."is_published", "shop_item"."created_at", "shop_item"."updated_at" FROM "shop_item" LIMIT 21; args=()
(0.000) SELECT "django_session"."session_key", "django_session"."session_data", "django_session"."expire_date" FROM "django_session" WHERE ("django_session"."expire_date" > '2021-01-18 14:17:36.340288' AND "django_session"."session_key" = 'gtdgd52ou677nftrqks5c7up5rnjo7z9') LIMIT 21; args=('2021-01-18 14:17:36.340288', 'gtdgd52ou677nftrqks5c7up5rnjo7z9')
(0.000) SELECT "auth_user"."id", "auth_user"."password", "auth_user"."last_login", "auth_user"."is_superuser", "auth_user"."username", "auth_user"."first_name", "auth_user"."last_name", "auth_user"."email", "auth_user"."is_staff", "auth_user"."is_active", "auth_user"."date_joined" FROM "auth_user" WHERE "auth_user"."id" = 1 LIMIT 21; args=(1,)
(0.000) SELECT "shop_item"."id", "shop_item"."name", "shop_item"."desc", "shop_item"."price", "shop_item"."is_published", "shop_item"."created_at", "shop_item"."updated_at" FROM "shop_item" LIMIT 21; args=()
(0.000) SELECT "shop_item"."id", "shop_item"."name", "shop_item"."desc", "shop_item"."price", "shop_item"."is_published", "shop_item"."created_at", "shop_item"."updated_at" FROM "shop_item" LIMIT 21; args=()
(0.000) SELECT "shop_item"."id", "shop_item"."name", "shop_item"."desc", "shop_item"."price", "shop_item"."is_published", "shop_item"."created_at", "shop_item"."updated_at" FROM "shop_item" LIMIT 21; args=()
(0.000) SELECT "shop_item"."id", "shop_item"."name", "shop_item"."desc", "shop_item"."price", "shop_item"."is_published", "shop_item"."created_at", "shop_item"."updated_at" FROM "shop_item" LIMIT 21; args=()
(0.000) SELECT "shop_item"."id", "shop_item"."name", "shop_item"."desc", "shop_item"."price", "shop_item"."is_published", "shop_item"."created_at", "shop_item"."updated_at" FROM "shop_item" LIMIT 21; args=()
(0.000) SELECT "shop_item"."id", "shop_item"."name", "shop_item"."desc", "shop_item"."price", "shop_item"."is_published", "shop_item"."created_at", "shop_item"."updated_at" FROM "shop_item" LIMIT 21; args=()
(0.000) SELECT "shop_item"."id", "shop_item"."name", "shop_item"."desc", "shop_item"."price", "shop_item"."is_published", "shop_item"."created_at", "shop_item"."updated_at" FROM "shop_item" LIMIT 21; args=()
(0.000) SELECT "shop_item"."id", "shop_item"."name", "shop_item"."desc", "shop_item"."price", "shop_item"."is_published", "shop_item"."created_at", "shop_item"."updated_at" FROM "shop_item" LIMIT 21; args=()
(0.000) SELECT "shop_item"."id", "shop_item"."name", "shop_item"."desc", "shop_item"."price", "shop_item"."is_published", "shop_item"."created_at", "shop_item"."updated_at" FROM "shop_item" LIMIT 21; args=()
(0.000) SELECT "shop_item"."id", "shop_item"."name", "shop_item"."desc", "shop_item"."price", "shop_item"."is_published", "shop_item"."created_at", "shop_item"."updated_at" FROM "shop_item" LIMIT 21; args=()
(0.000) SELECT "shop_item"."id", "shop_item"."name", "shop_item"."desc", "shop_item"."price", "shop_item"."is_published", "shop_item"."created_at", "shop_item"."updated_at" FROM "shop_item" LIMIT 21; args=()
(0.000) SELECT "shop_item"."id", "shop_item"."name", "shop_item"."desc", "shop_item"."price", "shop_item"."is_published", "shop_item"."created_at", "shop_item"."updated_at" FROM "shop_item" LIMIT 21; args=()
(0.000) SELECT "shop_item"."id", "shop_item"."name", "shop_item"."desc", "shop_item"."price", "shop_item"."is_published", "shop_item"."created_at", "shop_item"."updated_at" FROM "shop_item" LIMIT 21; args=()
(0.000) 
            SELECT name, type FROM sqlite_master
            WHERE type in ('table', 'view') AND NOT name='sqlite_sequence'
            ORDER BY name; args=None
(0.001) SELECT "django_migrations"."id", "django_migrations"."app", "django_migrations"."name", "django_migrations"."applied" FROM "django_migrations"; args=()
(0.000) SELECT "django_session"."session_key", "django_session"."session_data", "django_session"."expire_date" FROM "django_session" WHERE ("django_session"."expire_date" > '2021-01-18 14:21:09.781681' AND "django_session"."session_key" = 'gtdgd52ou677nftrqks5c7up5rnjo7z9') LIMIT 21; args=('2021-01-18 14:21:09.781681', 'gtdgd52ou677nftrqks5c7up5rnjo7z9')
(0.000) SELECT "django_session"."session_key", "django_session"."session_data", "django_session"."expire_date" FROM "django_session" WHERE ("django_session"."expire_date" > '2021-01-18 14:21:14.778009' AND "django_session"."session_key" = 'gtdgd52ou677nftrqks5c7up5rnjo7z9') LIMIT 21; args=('2021-01-18 14:21:14.778009', 'gtdgd52ou677nftrqks5c7up5rnjo7z9')
(0.000) SELECT "auth_user"."id", "auth_user"."password", "auth_user"."last_login", "auth_user"."is_superuser", "auth_user"."username", "auth_user"."first_name", "auth_user"."last_name", "auth_user"."email", "auth_user"."is_staff", "auth_user"."is_active", "auth_user"."date_joined" FROM "auth_user" WHERE "auth_user"."id" = 1 LIMIT 21; args=(1,)
(0.000) SELECT "shop_item"."id", "shop_item"."name", "shop_item"."desc", "shop_item"."price", "shop_item"."is_published", "shop_item"."created_at", "shop_item"."updated_at" FROM "shop_item"; args=()
(0.000) SELECT "shop_item"."id", "shop_item"."name", "shop_item"."desc", "shop_item"."price", "shop_item"."is_published", "shop_item"."created_at", "shop_item"."updated_at" FROM "shop_item" WHERE "shop_item"."id" = 2 LIMIT 21; args=(2,)
(0.000) SELECT "django_session"."session_key", "django_session"."session_data", "django_session"."expire_date" FROM "django_session" WHERE ("django_session"."expire_date" > '2021-01-18 14:21:16.368608' AND "django_session"."session_key" = 'gtdgd52ou677nftrqks5c7up5rnjo7z9') LIMIT 21; args=('2021-01-18 14:21:16.368608', 'gtdgd52ou677nftrqks5c7up5rnjo7z9')
(0.000) SELECT "auth_user"."id", "auth_user"."password", "auth_user"."last_login", "auth_user"."is_superuser", "auth_user"."username", "auth_user"."first_name", "auth_user"."last_name", "auth_user"."email", "auth_user"."is_staff", "auth_user"."is_active", "auth_user"."date_joined" FROM "auth_user" WHERE "auth_user"."id" = 1 LIMIT 21; args=(1,)
(0.000) 
            SELECT name, type FROM sqlite_master
            WHERE type in ('table', 'view') AND NOT name='sqlite_sequence'
            ORDER BY name; args=None
(0.001) SELECT "django_migrations"."id", "django_migrations"."app", "django_migrations"."name", "django_migrations"."applied" FROM "django_migrations"; args=()
(0.001) SELECT "django_session"."session_key", "django_session"."session_data", "django_session"."expire_date" FROM "django_session" WHERE ("django_session"."expire_date" > '2021-01-18 15:33:10.981172' AND "django_session"."session_key" = 'gtdgd52ou677nftrqks5c7up5rnjo7z9') LIMIT 21; args=('2021-01-18 15:33:10.981172', 'gtdgd52ou677nftrqks5c7up5rnjo7z9')
(0.000) SELECT "django_session"."session_key", "django_session"."session_data", "django_session"."expire_date" FROM "django_session" WHERE ("django_session"."expire_date" > '2021-01-18 15:33:20.871681' AND "django_session"."session_key" = 'gtdgd52ou677nftrqks5c7up5rnjo7z9') LIMIT 21; args=('2021-01-18 15:33:20.871681', 'gtdgd52ou677nftrqks5c7up5rnjo7z9')
(0.000) SELECT "auth_user"."id", "auth_user"."password", "auth_user"."last_login", "auth_user"."is_superuser", "auth_user"."username", "auth_user"."first_name", "auth_user"."last_name", "auth_user"."email", "auth_user"."is_staff", "auth_user"."is_active", "auth_user"."date_joined" FROM "auth_user" WHERE "auth_user"."id" = 1 LIMIT 21; args=(1,)
(0.000) SELECT "shop_item"."id", "shop_item"."name", "shop_item"."desc", "shop_item"."price", "shop_item"."is_published", "shop_item"."created_at", "shop_item"."updated_at" FROM "shop_item" LIMIT 21; args=()
(0.000) SELECT "shop_item"."id", "shop_item"."name", "shop_item"."desc", "shop_item"."price", "shop_item"."is_published", "shop_item"."created_at", "shop_item"."updated_at" FROM "shop_item" LIMIT 21; args=()
(0.000) SELECT "shop_item"."id", "shop_item"."name", "shop_item"."desc", "shop_item"."price", "shop_item"."is_published", "shop_item"."created_at", "shop_item"."updated_at" FROM "shop_item" LIMIT 21; args=()
(0.000) SELECT "shop_item"."id", "shop_item"."name", "shop_item"."desc", "shop_item"."price", "shop_item"."is_published", "shop_item"."created_at", "shop_item"."updated_at" FROM "shop_item" LIMIT 21; args=()
(0.000) SELECT "shop_item"."id", "shop_item"."name", "shop_item"."desc", "shop_item"."price", "shop_item"."is_published", "shop_item"."created_at", "shop_item"."updated_at" FROM "shop_item" LIMIT 21; args=()
(0.000) SELECT "shop_item"."id", "shop_item"."name", "shop_item"."desc", "shop_item"."price", "shop_item"."is_published", "shop_item"."created_at", "shop_item"."updated_at" FROM "shop_item" LIMIT 21; args=()
(0.000) SELECT "shop_item"."id", "shop_item"."name", "shop_item"."desc", "shop_item"."price", "shop_item"."is_published", "shop_item"."created_at", "shop_item"."updated_at" FROM "shop_item" LIMIT 21; args=()
(0.000) SELECT "shop_item"."id", "shop_item"."name", "shop_item"."desc", "shop_item"."price", "shop_item"."is_published", "shop_item"."created_at", "shop_item"."updated_at" FROM "shop_item" LIMIT 21; args=()
(0.000) SELECT "shop_item"."id", "shop_item"."name", "shop_item"."desc", "shop_item"."price", "shop_item"."is_published", "shop_item"."created_at", "shop_item"."updated_at" FROM "shop_item" LIMIT 21; args=()
(0.000) SELECT "shop_item"."id", "shop_item"."name", "shop_item"."desc", "shop_item"."price", "shop_item"."is_published", "shop_item"."created_at", "shop_item"."updated_at" FROM "shop_item" LIMIT 21; args=()
(0.000) SELECT "shop_item"."id", "shop_item"."name", "shop_item"."desc", "shop_item"."price", "shop_item"."is_published", "shop_item"."created_at", "shop_item"."updated_at" FROM "shop_item" LIMIT 21; args=()
(0.000) SELECT "shop_item"."id", "shop_item"."name", "shop_item"."desc", "shop_item"."price", "shop_item"."is_published", "shop_item"."created_at", "shop_item"."updated_at" FROM "shop_item" LIMIT 21; args=()
(0.000) SELECT "shop_item"."id", "shop_item"."name", "shop_item"."desc", "shop_item"."price", "shop_item"."is_published", "shop_item"."created_at", "shop_item"."updated_at" FROM "shop_item" LIMIT 21; args=()
(0.000) SELECT "shop_item"."id", "shop_item"."name", "shop_item"."desc", "shop_item"."price", "shop_item"."is_published", "shop_item"."created_at", "shop_item"."updated_at" FROM "shop_item" LIMIT 21; args=()
(0.000) SELECT "shop_item"."id", "shop_item"."name", "shop_item"."desc", "shop_item"."price", "shop_item"."is_published", "shop_item"."created_at", "shop_item"."updated_at" FROM "shop_item" LIMIT 21; args=()
(0.000) SELECT "shop_item"."id", "shop_item"."name", "shop_item"."desc", "shop_item"."price", "shop_item"."is_published", "shop_item"."created_at", "shop_item"."updated_at" FROM "shop_item" LIMIT 21; args=()
(0.000) SELECT "shop_item"."id", "shop_item"."name", "shop_item"."desc", "shop_item"."price", "shop_item"."is_published", "shop_item"."created_at", "shop_item"."updated_at" FROM "shop_item" LIMIT 21; args=()
(0.000) SELECT "django_session"."session_key", "django_session"."session_data", "django_session"."expire_date" FROM "django_session" WHERE ("django_session"."expire_date" > '2021-01-18 15:34:02.359460' AND "django_session"."session_key" = 'gtdgd52ou677nftrqks5c7up5rnjo7z9') LIMIT 21; args=('2021-01-18 15:34:02.359460', 'gtdgd52ou677nftrqks5c7up5rnjo7z9')
(0.000) SELECT "auth_user"."id", "auth_user"."password", "auth_user"."last_login", "auth_user"."is_superuser", "auth_user"."username", "auth_user"."first_name", "auth_user"."last_name", "auth_user"."email", "auth_user"."is_staff", "auth_user"."is_active", "auth_user"."date_joined" FROM "auth_user" WHERE "auth_user"."id" = 1 LIMIT 21; args=(1,)
(0.000) SELECT "shop_item"."id", "shop_item"."name", "shop_item"."desc", "shop_item"."price", "shop_item"."is_published", "shop_item"."created_at", "shop_item"."updated_at" FROM "shop_item" LIMIT 21; args=()
(0.000) SELECT "shop_item"."id", "shop_item"."name", "shop_item"."desc", "shop_item"."price", "shop_item"."is_published", "shop_item"."created_at", "shop_item"."updated_at" FROM "shop_item" LIMIT 21; args=()
(0.000) SELECT "shop_item"."id", "shop_item"."name", "shop_item"."desc", "shop_item"."price", "shop_item"."is_published", "shop_item"."created_at", "shop_item"."updated_at" FROM "shop_item" LIMIT 21; args=()
(0.000) SELECT "shop_item"."id", "shop_item"."name", "shop_item"."desc", "shop_item"."price", "shop_item"."is_published", "shop_item"."created_at", "shop_item"."updated_at" FROM "shop_item" LIMIT 21; args=()
(0.000) SELECT "shop_item"."id", "shop_item"."name", "shop_item"."desc", "shop_item"."price", "shop_item"."is_published", "shop_item"."created_at", "shop_item"."updated_at" FROM "shop_item" LIMIT 21; args=()
(0.000) SELECT "shop_item"."id", "shop_item"."name", "shop_item"."desc", "shop_item"."price", "shop_item"."is_published", "shop_item"."created_at", "shop_item"."updated_at" FROM "shop_item" LIMIT 21; args=()
(0.000) SELECT "shop_item"."id", "shop_item"."name", "shop_item"."desc", "shop_item"."price", "shop_item"."is_published", "shop_item"."created_at", "shop_item"."updated_at" FROM "shop_item" LIMIT 21; args=()
(0.000) SELECT "shop_item"."id", "shop_item"."name", "shop_item"."desc", "shop_item"."price", "shop_item"."is_published", "shop_item"."created_at", "shop_item"."updated_at" FROM "shop_item" LIMIT 21; args=()
(0.000) SELECT "shop_item"."id", "shop_item"."name", "shop_item"."desc", "shop_item"."price", "shop_item"."is_published", "shop_item"."created_at", "shop_item"."updated_at" FROM "shop_item" LIMIT 21; args=()
(0.000) SELECT "shop_item"."id", "shop_item"."name", "shop_item"."desc", "shop_item"."price", "shop_item"."is_published", "shop_item"."created_at", "shop_item"."updated_at" FROM "shop_item" LIMIT 21; args=()
(0.000) SELECT "shop_item"."id", "shop_item"."name", "shop_item"."desc", "shop_item"."price", "shop_item"."is_published", "shop_item"."created_at", "shop_item"."updated_at" FROM "shop_item" LIMIT 21; args=()
(0.000) SELECT "shop_item"."id", "shop_item"."name", "shop_item"."desc", "shop_item"."price", "shop_item"."is_published", "shop_item"."created_at", "shop_item"."updated_at" FROM "shop_item" LIMIT 21; args=()
(0.000) SELECT "shop_item"."id", "shop_item"."name", "shop_item"."desc", "shop_item"."price", "shop_item"."is_published", "shop_item"."created_at", "shop_item"."updated_at" FROM "shop_item" LIMIT 21; args=()
(0.000) SELECT "shop_item"."id", "shop_item"."name", "shop_item"."desc", "shop_item"."price", "shop_item"."is_published", "shop_item"."created_at", "shop_item"."updated_at" FROM "shop_item" LIMIT 21; args=()
(0.000) SELECT "shop_item"."id", "shop_item"."name", "shop_item"."desc", "shop_item"."price", "shop_item"."is_published", "shop_item"."created_at", "shop_item"."updated_at" FROM "shop_item" LIMIT 21; args=()
(0.000) SELECT "shop_item"."id", "shop_item"."name", "shop_item"."desc", "shop_item"."price", "shop_item"."is_published", "shop_item"."created_at", "shop_item"."updated_at" FROM "shop_item" LIMIT 21; args=()
(0.000) SELECT "shop_item"."id", "shop_item"."name", "shop_item"."desc", "shop_item"."price", "shop_item"."is_published", "shop_item"."created_at", "shop_item"."updated_at" FROM "shop_item" LIMIT 21; args=()
(0.000) SELECT "django_session"."session_key", "django_session"."session_data", "django_session"."expire_date" FROM "django_session" WHERE ("django_session"."expire_date" > '2021-01-18 15:34:03.661533' AND "django_session"."session_key" = 'gtdgd52ou677nftrqks5c7up5rnjo7z9') LIMIT 21; args=('2021-01-18 15:34:03.661533', 'gtdgd52ou677nftrqks5c7up5rnjo7z9')
(0.000) SELECT "auth_user"."id", "auth_user"."password", "auth_user"."last_login", "auth_user"."is_superuser", "auth_user"."username", "auth_user"."first_name", "auth_user"."last_name", "auth_user"."email", "auth_user"."is_staff", "auth_user"."is_active", "auth_user"."date_joined" FROM "auth_user" WHERE "auth_user"."id" = 1 LIMIT 21; args=(1,)
(0.000) SELECT "shop_item"."id", "shop_item"."name", "shop_item"."desc", "shop_item"."price", "shop_item"."is_published", "shop_item"."created_at", "shop_item"."updated_at" FROM "shop_item" LIMIT 21; args=()
(0.000) SELECT "shop_item"."id", "shop_item"."name", "shop_item"."desc", "shop_item"."price", "shop_item"."is_published", "shop_item"."created_at", "shop_item"."updated_at" FROM "shop_item" LIMIT 21; args=()
(0.000) SELECT "shop_item"."id", "shop_item"."name", "shop_item"."desc", "shop_item"."price", "shop_item"."is_published", "shop_item"."created_at", "shop_item"."updated_at" FROM "shop_item" LIMIT 21; args=()
(0.000) SELECT "shop_item"."id", "shop_item"."name", "shop_item"."desc", "shop_item"."price", "shop_item"."is_published", "shop_item"."created_at", "shop_item"."updated_at" FROM "shop_item" LIMIT 21; args=()
(0.000) SELECT "shop_item"."id", "shop_item"."name", "shop_item"."desc", "shop_item"."price", "shop_item"."is_published", "shop_item"."created_at", "shop_item"."updated_at" FROM "shop_item" LIMIT 21; args=()
(0.000) SELECT "shop_item"."id", "shop_item"."name", "shop_item"."desc", "shop_item"."price", "shop_item"."is_published", "shop_item"."created_at", "shop_item"."updated_at" FROM "shop_item" LIMIT 21; args=()
(0.000) SELECT "shop_item"."id", "shop_item"."name", "shop_item"."desc", "shop_item"."price", "shop_item"."is_published", "shop_item"."created_at", "shop_item"."updated_at" FROM "shop_item" LIMIT 21; args=()
(0.000) SELECT "shop_item"."id", "shop_item"."name", "shop_item"."desc", "shop_item"."price", "shop_item"."is_published", "shop_item"."created_at", "shop_item"."updated_at" FROM "shop_item" LIMIT 21; args=()
(0.000) SELECT "shop_item"."id", "shop_item"."name", "shop_item"."desc", "shop_item"."price", "shop_item"."is_published", "shop_item"."created_at", "shop_item"."updated_at" FROM "shop_item" LIMIT 21; args=()
(0.000) SELECT "shop_item"."id", "shop_item"."name", "shop_item"."desc", "shop_item"."price", "shop_item"."is_published", "shop_item"."created_at", "shop_item"."updated_at" FROM "shop_item" LIMIT 21; args=()
(0.000) SELECT "shop_item"."id", "shop_item"."name", "shop_item"."desc", "shop_item"."price", "shop_item"."is_published", "shop_item"."created_at", "shop_item"."updated_at" FROM "shop_item" LIMIT 21; args=()
(0.000) SELECT "shop_item"."id", "shop_item"."name", "shop_item"."desc", "shop_item"."price", "shop_item"."is_published", "shop_item"."created_at", "shop_item"."updated_at" FROM "shop_item" LIMIT 21; args=()
(0.000) SELECT "shop_item"."id", "shop_item"."name", "shop_item"."desc", "shop_item"."price", "shop_item"."is_published", "shop_item"."created_at", "shop_item"."updated_at" FROM "shop_item" LIMIT 21; args=()
(0.000) SELECT "shop_item"."id", "shop_item"."name", "shop_item"."desc", "shop_item"."price", "shop_item"."is_published", "shop_item"."created_at", "shop_item"."updated_at" FROM "shop_item" LIMIT 21; args=()
(0.000) SELECT "shop_item"."id", "shop_item"."name", "shop_item"."desc", "shop_item"."price", "shop_item"."is_published", "shop_item"."created_at", "shop_item"."updated_at" FROM "shop_item" LIMIT 21; args=()
(0.000) SELECT "shop_item"."id", "shop_item"."name", "shop_item"."desc", "shop_item"."price", "shop_item"."is_published", "shop_item"."created_at", "shop_item"."updated_at" FROM "shop_item" LIMIT 21; args=()
(0.000) SELECT "shop_item"."id", "shop_item"."name", "shop_item"."desc", "shop_item"."price", "shop_item"."is_published", "shop_item"."created_at", "shop_item"."updated_at" FROM "shop_item" LIMIT 21; args=()
(0.000) SELECT "django_session"."session_key", "django_session"."session_data", "django_session"."expire_date" FROM "django_session" WHERE ("django_session"."expire_date" > '2021-01-18 15:34:17.498245' AND "django_session"."session_key" = 'gtdgd52ou677nftrqks5c7up5rnjo7z9') LIMIT 21; args=('2021-01-18 15:34:17.498245', 'gtdgd52ou677nftrqks5c7up5rnjo7z9')
(0.000) SELECT "auth_user"."id", "auth_user"."password", "auth_user"."last_login", "auth_user"."is_superuser", "auth_user"."username", "auth_user"."first_name", "auth_user"."last_name", "auth_user"."email", "auth_user"."is_staff", "auth_user"."is_active", "auth_user"."date_joined" FROM "auth_user" WHERE "auth_user"."id" = 1 LIMIT 21; args=(1,)
(0.000) SELECT "shop_item"."id", "shop_item"."name", "shop_item"."desc", "shop_item"."price", "shop_item"."is_published", "shop_item"."created_at", "shop_item"."updated_at" FROM "shop_item"; args=()
(0.000) SELECT "django_session"."session_key", "django_session"."session_data", "django_session"."expire_date" FROM "django_session" WHERE ("django_session"."expire_date" > '2021-01-18 15:34:19.466234' AND "django_session"."session_key" = 'gtdgd52ou677nftrqks5c7up5rnjo7z9') LIMIT 21; args=('2021-01-18 15:34:19.466234', 'gtdgd52ou677nftrqks5c7up5rnjo7z9')
(0.000) SELECT "auth_user"."id", "auth_user"."password", "auth_user"."last_login", "auth_user"."is_superuser", "auth_user"."username", "auth_user"."first_name", "auth_user"."last_name", "auth_user"."email", "auth_user"."is_staff", "auth_user"."is_active", "auth_user"."date_joined" FROM "auth_user" WHERE "auth_user"."id" = 1 LIMIT 21; args=(1,)
(0.000) SELECT "shop_item"."id", "shop_item"."name", "shop_item"."desc", "shop_item"."price", "shop_item"."is_published", "shop_item"."created_at", "shop_item"."updated_at" FROM "shop_item"; args=()
(0.001) SELECT "django_session"."session_key", "django_session"."session_data", "django_session"."expire_date" FROM "django_session" WHERE ("django_session"."expire_date" > '2021-01-18 15:36:35.430947' AND "django_session"."session_key" = 'gtdgd52ou677nftrqks5c7up5rnjo7z9') LIMIT 21; args=('2021-01-18 15:36:35.430947', 'gtdgd52ou677nftrqks5c7up5rnjo7z9')
(0.000) SELECT "auth_user"."id", "auth_user"."password", "auth_user"."last_login", "auth_user"."is_superuser", "auth_user"."username", "auth_user"."first_name", "auth_user"."last_name", "auth_user"."email", "auth_user"."is_staff", "auth_user"."is_active", "auth_user"."date_joined" FROM "auth_user" WHERE "auth_user"."id" = 1 LIMIT 21; args=(1,)
(0.000) SELECT "shop_item"."id", "shop_item"."name", "shop_item"."desc", "shop_item"."price", "shop_item"."is_published", "shop_item"."created_at", "shop_item"."updated_at" FROM "shop_item"; args=()
(0.001) SELECT "shop_item"."id", "shop_item"."name", "shop_item"."desc", "shop_item"."price", "shop_item"."is_published", "shop_item"."created_at", "shop_item"."updated_at" FROM "shop_item" WHERE "shop_item"."id" = 2 LIMIT 21; args=(2,)
(0.000) SELECT "django_session"."session_key", "django_session"."session_data", "django_session"."expire_date" FROM "django_session" WHERE ("django_session"."expire_date" > '2021-01-18 15:36:37.837999' AND "django_session"."session_key" = 'gtdgd52ou677nftrqks5c7up5rnjo7z9') LIMIT 21; args=('2021-01-18 15:36:37.837999', 'gtdgd52ou677nftrqks5c7up5rnjo7z9')
(0.000) SELECT "auth_user"."id", "auth_user"."password", "auth_user"."last_login", "auth_user"."is_superuser", "auth_user"."username", "auth_user"."first_name", "auth_user"."last_name", "auth_user"."email", "auth_user"."is_staff", "auth_user"."is_active", "auth_user"."date_joined" FROM "auth_user" WHERE "auth_user"."id" = 1 LIMIT 21; args=(1,)
(0.000) SELECT "django_session"."session_key", "django_session"."session_data", "django_session"."expire_date" FROM "django_session" WHERE ("django_session"."expire_date" > '2021-01-18 15:36:39.862919' AND "django_session"."session_key" = 'gtdgd52ou677nftrqks5c7up5rnjo7z9') LIMIT 21; args=('2021-01-18 15:36:39.862919', 'gtdgd52ou677nftrqks5c7up5rnjo7z9')
(0.000) SELECT "auth_user"."id", "auth_user"."password", "auth_user"."last_login", "auth_user"."is_superuser", "auth_user"."username", "auth_user"."first_name", "auth_user"."last_name", "auth_user"."email", "auth_user"."is_staff", "auth_user"."is_active", "auth_user"."date_joined" FROM "auth_user" WHERE "auth_user"."id" = 1 LIMIT 21; args=(1,)
(0.000) SELECT "shop_item"."id", "shop_item"."name", "shop_item"."desc", "shop_item"."price", "shop_item"."is_published", "shop_item"."created_at", "shop_item"."updated_at" FROM "shop_item"; args=()
(0.000) 
            SELECT name, type FROM sqlite_master
            WHERE type in ('table', 'view') AND NOT name='sqlite_sequence'
            ORDER BY name; args=None
(0.001) SELECT "django_migrations"."id", "django_migrations"."app", "django_migrations"."name", "django_migrations"."applied" FROM "django_migrations"; args=()
(0.000) 
            SELECT name, type FROM sqlite_master
            WHERE type in ('table', 'view') AND NOT name='sqlite_sequence'
            ORDER BY name; args=None
(0.001) SELECT "django_migrations"."id", "django_migrations"."app", "django_migrations"."name", "django_migrations"."applied" FROM "django_migrations"; args=()
(0.000) SELECT "django_session"."session_key", "django_session"."session_data", "django_session"."expire_date" FROM "django_session" WHERE ("django_session"."expire_date" > '2021-01-18 15:42:13.943326' AND "django_session"."session_key" = 'gtdgd52ou677nftrqks5c7up5rnjo7z9') LIMIT 21; args=('2021-01-18 15:42:13.943326', 'gtdgd52ou677nftrqks5c7up5rnjo7z9')
